<?xml version="1.0" encoding="UTF-8"?>
<!-- Generated by org.testng.reporters.JUnitXMLReporter -->
<testsuite hostname="Baburao-PC" name="ChromeTesr" tests="1" failures="0" timestamp="22 Sep 2017 11:27:47 GMT" time="0.094" errors="0">
  <testcase name="@BeforeClass open" time="0.0" classname="TestNG.ExdCls">
    <failure type="org.testng.TestNGException" message="
Parameter &amp;apos;browser&amp;apos; is required by @Configuration on method open but has not been marked @Optional or defined
in C:\Users\Baburao\workspace\Program\testng.xml">
      <![CDATA[org.testng.TestNGException: 
Parameter 'browser' is required by @Configuration on method open but has not been marked @Optional or defined
in C:\Users\Baburao\workspace\Program\testng.xml
	at java.util.concurrent.FutureTask.run(FutureTask.java:266)
	at java.util.concurrent.ThreadPoolExecutor.runWorker(ThreadPoolExecutor.java:1149)
	at java.util.concurrent.ThreadPoolExecutor$Worker.run(ThreadPoolExecutor.java:624)
	at java.lang.Thread.run(Thread.java:748)
... Removed 13 stack frames]]>
    </failure>
  </testcase> <!-- @BeforeClass open -->
  <testcase name="@AfterClass afterClass" time="0.0" classname="TestNG.ExdCls">
    <skipped/>
  </testcase> <!-- @AfterClass afterClass -->
  <testcase name="giddu" time="0.016" classname="TestNG.ExdCls">
    <skipped/>
  </testcase> <!-- giddu -->
</testsuite> <!-- ChromeTesr -->
