<?xml version="1.0" encoding="UTF-8"?>
<testng-results skipped="0" failed="2" total="2" passed="0">
  <reporter-output>
  </reporter-output>
  <suite name="Default suite" duration-ms="12832" started-at="2017-10-06T07:00:46Z" finished-at="2017-10-06T07:00:59Z">
    <groups>
    </groups>
    <test name="Default test" duration-ms="12832" started-at="2017-10-06T07:00:46Z" finished-at="2017-10-06T07:00:59Z">
      <class name="goog">
        <test-method status="FAIL" signature="openSeleniumRaghu(java.lang.String, java.lang.String, java.lang.String, java.lang.reflect.Method)[pri:0, instance:goog@553f17c]" name="openSeleniumRaghu" duration-ms="11985" started-at="2017-10-06T12:30:46Z" data-provider="hardCodedBrowsers" finished-at="2017-10-06T12:30:58Z">
          <params>
            <param index="0">
              <value>
                <![CDATA[chrome]]>
              </value>
            </param>
            <param index="1">
              <value>
                <![CDATA[54.0]]>
              </value>
            </param>
            <param index="2">
              <value>
                <![CDATA[OS X 10.10]]>
              </value>
            </param>
            <param index="3">
              <value>
                <![CDATA[public void goog.openSeleniumRaghu(java.lang.String,java.lang.String,java.lang.String,java.lang.reflect.Method) throws java.io.FileNotFoundException,java.io.IOException]]>
              </value>
            </param>
          </params>
          <exception class="java.lang.NullPointerException">
            <full-stacktrace>
              <![CDATA[java.lang.NullPointerException
	at java.io.FileInputStream.<init>(FileInputStream.java:130)
	at java.io.FileInputStream.<init>(FileInputStream.java:93)
	at Utils.ProHandle.fetchKey(ProHandle.java:16)
	at goog.openSeleniumRaghu(goog.java:29)
	at sun.reflect.NativeMethodAccessorImpl.invoke0(Native Method)
	at sun.reflect.NativeMethodAccessorImpl.invoke(NativeMethodAccessorImpl.java:62)
	at sun.reflect.DelegatingMethodAccessorImpl.invoke(DelegatingMethodAccessorImpl.java:43)
	at java.lang.reflect.Method.invoke(Method.java:498)
	at org.testng.internal.MethodInvocationHelper.invokeMethod(MethodInvocationHelper.java:85)
	at org.testng.internal.Invoker.invokeMethod(Invoker.java:639)
	at org.testng.internal.Invoker.invokeTestMethod(Invoker.java:816)
	at org.testng.internal.TestMethodWithDataProviderMethodWorker.call(TestMethodWithDataProviderMethodWorker.java:75)
	at org.testng.internal.TestMethodWithDataProviderMethodWorker.call(TestMethodWithDataProviderMethodWorker.java:14)
	at java.util.concurrent.FutureTask.run(FutureTask.java:266)
	at java.util.concurrent.Executors$RunnableAdapter.call(Executors.java:511)
	at java.util.concurrent.FutureTask.run(FutureTask.java:266)
	at java.util.concurrent.ThreadPoolExecutor.runWorker(ThreadPoolExecutor.java:1149)
	at java.util.concurrent.ThreadPoolExecutor$Worker.run(ThreadPoolExecutor.java:624)
	at java.lang.Thread.run(Thread.java:748)
]]>
            </full-stacktrace>
          </exception> <!-- java.lang.NullPointerException -->
          <reporter-output>
          </reporter-output>
        </test-method> <!-- openSeleniumRaghu -->
        <test-method status="FAIL" signature="openSeleniumRaghu(java.lang.String, java.lang.String, java.lang.String, java.lang.reflect.Method)[pri:0, instance:goog@553f17c]" name="openSeleniumRaghu" duration-ms="9762" started-at="2017-10-06T12:30:46Z" data-provider="hardCodedBrowsers" finished-at="2017-10-06T12:30:56Z">
          <params>
            <param index="0">
              <value>
                <![CDATA[firefox]]>
              </value>
            </param>
            <param index="1">
              <value>
                <![CDATA[47]]>
              </value>
            </param>
            <param index="2">
              <value>
                <![CDATA[Windows 7]]>
              </value>
            </param>
            <param index="3">
              <value>
                <![CDATA[public void goog.openSeleniumRaghu(java.lang.String,java.lang.String,java.lang.String,java.lang.reflect.Method) throws java.io.FileNotFoundException,java.io.IOException]]>
              </value>
            </param>
          </params>
          <exception class="java.lang.NullPointerException">
            <full-stacktrace>
              <![CDATA[java.lang.NullPointerException
	at java.io.FileInputStream.<init>(FileInputStream.java:130)
	at java.io.FileInputStream.<init>(FileInputStream.java:93)
	at Utils.ProHandle.fetchKey(ProHandle.java:16)
	at goog.openSeleniumRaghu(goog.java:29)
	at sun.reflect.NativeMethodAccessorImpl.invoke0(Native Method)
	at sun.reflect.NativeMethodAccessorImpl.invoke(NativeMethodAccessorImpl.java:62)
	at sun.reflect.DelegatingMethodAccessorImpl.invoke(DelegatingMethodAccessorImpl.java:43)
	at java.lang.reflect.Method.invoke(Method.java:498)
	at org.testng.internal.MethodInvocationHelper.invokeMethod(MethodInvocationHelper.java:85)
	at org.testng.internal.Invoker.invokeMethod(Invoker.java:639)
	at org.testng.internal.Invoker.invokeTestMethod(Invoker.java:816)
	at org.testng.internal.TestMethodWithDataProviderMethodWorker.call(TestMethodWithDataProviderMethodWorker.java:75)
	at org.testng.internal.TestMethodWithDataProviderMethodWorker.call(TestMethodWithDataProviderMethodWorker.java:14)
	at java.util.concurrent.FutureTask.run(FutureTask.java:266)
	at java.util.concurrent.Executors$RunnableAdapter.call(Executors.java:511)
	at java.util.concurrent.FutureTask.run(FutureTask.java:266)
	at java.util.concurrent.ThreadPoolExecutor.runWorker(ThreadPoolExecutor.java:1149)
	at java.util.concurrent.ThreadPoolExecutor$Worker.run(ThreadPoolExecutor.java:624)
	at java.lang.Thread.run(Thread.java:748)
]]>
            </full-stacktrace>
          </exception> <!-- java.lang.NullPointerException -->
          <reporter-output>
          </reporter-output>
        </test-method> <!-- openSeleniumRaghu -->
        <test-method status="PASS" signature="tearDown(org.testng.ITestResult)[pri:0, instance:goog@553f17c]" name="tearDown" is-config="true" duration-ms="755" started-at="2017-10-06T12:30:56Z" finished-at="2017-10-06T12:30:57Z">
          <params>
            <param index="0">
              <value>
                <![CDATA[[TestResult name=openSeleniumRaghu status=FAILURE method=goog.openSeleniumRaghu(java.lang.String, java.lang.String, java.lang.String, java.lang.reflect.Method)[pri:0, instance:goog@553f17c] output={null}]]]>
              </value>
            </param>
          </params>
          <reporter-output>
          </reporter-output>
        </test-method> <!-- tearDown -->
        <test-method status="PASS" signature="tearDown(org.testng.ITestResult)[pri:0, instance:goog@553f17c]" name="tearDown" is-config="true" duration-ms="782" started-at="2017-10-06T12:30:58Z" finished-at="2017-10-06T12:30:59Z">
          <params>
            <param index="0">
              <value>
                <![CDATA[[TestResult name=openSeleniumRaghu status=FAILURE method=goog.openSeleniumRaghu(java.lang.String, java.lang.String, java.lang.String, java.lang.reflect.Method)[pri:0, instance:goog@553f17c] output={null}]]]>
              </value>
            </param>
          </params>
          <reporter-output>
          </reporter-output>
        </test-method> <!-- tearDown -->
      </class> <!-- goog -->
    </test> <!-- Default test -->
  </suite> <!-- Default suite -->
</testng-results>
