<?xml version="1.0" encoding="UTF-8"?>
<!-- Generated by org.testng.reporters.JUnitReportReporter -->
<testsuite hostname="Baburao-PC" name="SandyNaukri" tests="4" failures="0" timestamp="20 Sep 2017 07:03:51 GMT" time="57.660" errors="4">
  <testcase name="login" time="0.000" classname="SandyNaukri">
    <error type="java.lang.NullPointerException">
      <![CDATA[java.lang.NullPointerException
	at SandyNaukri.login(SandyNaukri.java:24)
	at sun.reflect.NativeMethodAccessorImpl.invoke0(Native Method)
	at sun.reflect.NativeMethodAccessorImpl.invoke(NativeMethodAccessorImpl.java:62)
	at sun.reflect.DelegatingMethodAccessorImpl.invoke(DelegatingMethodAccessorImpl.java:43)
	at java.lang.reflect.Method.invoke(Method.java:498)
	at org.testng.internal.MethodInvocationHelper.invokeMethod(MethodInvocationHelper.java:85)
	at org.testng.internal.Invoker.invokeMethod(Invoker.java:639)
	at org.testng.internal.Invoker.invokeTestMethod(Invoker.java:816)
	at org.testng.internal.Invoker.invokeTestMethods(Invoker.java:1124)
	at org.testng.internal.TestMethodWorker.invokeTestMethods(TestMethodWorker.java:125)
	at org.testng.internal.TestMethodWorker.run(TestMethodWorker.java:108)
	at org.testng.TestRunner.privateRun(TestRunner.java:774)
	at org.testng.TestRunner.run(TestRunner.java:624)
	at org.testng.SuiteRunner.runTest(SuiteRunner.java:359)
	at org.testng.SuiteRunner.runSequentially(SuiteRunner.java:354)
	at org.testng.SuiteRunner.privateRun(SuiteRunner.java:312)
	at org.testng.SuiteRunner.run(SuiteRunner.java:261)
	at org.testng.SuiteRunnerWorker.runSuite(SuiteRunnerWorker.java:52)
	at org.testng.SuiteRunnerWorker.run(SuiteRunnerWorker.java:86)
	at org.testng.TestNG.runSuitesSequentially(TestNG.java:1215)
	at org.testng.TestNG.runSuitesLocally(TestNG.java:1140)
	at org.testng.TestNG.run(TestNG.java:1048)
	at org.testng.remote.AbstractRemoteTestNG.run(AbstractRemoteTestNG.java:114)
	at org.testng.remote.RemoteTestNG.initAndRun(RemoteTestNG.java:251)
	at org.testng.remote.RemoteTestNG.main(RemoteTestNG.java:77)
]]>
    </error>
  </testcase> <!-- login -->
  <testcase name="changingresume" time="5.029" classname="SandyNaukri">
    <error type="java.lang.NullPointerException">
      <![CDATA[java.lang.NullPointerException
	at SandyNaukri.changingresume(SandyNaukri.java:56)
	at sun.reflect.NativeMethodAccessorImpl.invoke0(Native Method)
	at sun.reflect.NativeMethodAccessorImpl.invoke(NativeMethodAccessorImpl.java:62)
	at sun.reflect.DelegatingMethodAccessorImpl.invoke(DelegatingMethodAccessorImpl.java:43)
	at java.lang.reflect.Method.invoke(Method.java:498)
	at org.testng.internal.MethodInvocationHelper.invokeMethod(MethodInvocationHelper.java:85)
	at org.testng.internal.Invoker.invokeMethod(Invoker.java:639)
	at org.testng.internal.Invoker.invokeTestMethod(Invoker.java:816)
	at org.testng.internal.Invoker.invokeTestMethods(Invoker.java:1124)
	at org.testng.internal.TestMethodWorker.invokeTestMethods(TestMethodWorker.java:125)
	at org.testng.internal.TestMethodWorker.run(TestMethodWorker.java:108)
	at org.testng.TestRunner.privateRun(TestRunner.java:774)
	at org.testng.TestRunner.run(TestRunner.java:624)
	at org.testng.SuiteRunner.runTest(SuiteRunner.java:359)
	at org.testng.SuiteRunner.runSequentially(SuiteRunner.java:354)
	at org.testng.SuiteRunner.privateRun(SuiteRunner.java:312)
	at org.testng.SuiteRunner.run(SuiteRunner.java:261)
	at org.testng.SuiteRunnerWorker.runSuite(SuiteRunnerWorker.java:52)
	at org.testng.SuiteRunnerWorker.run(SuiteRunnerWorker.java:86)
	at org.testng.TestNG.runSuitesSequentially(TestNG.java:1215)
	at org.testng.TestNG.runSuitesLocally(TestNG.java:1140)
	at org.testng.TestNG.run(TestNG.java:1048)
	at org.testng.remote.AbstractRemoteTestNG.run(AbstractRemoteTestNG.java:114)
	at org.testng.remote.RemoteTestNG.initAndRun(RemoteTestNG.java:251)
	at org.testng.remote.RemoteTestNG.main(RemoteTestNG.java:77)
]]>
    </error>
  </testcase> <!-- changingresume -->
  <testcase name="editprofile" time="5.016" classname="SandyNaukri">
    <error type="java.lang.NullPointerException">
      <![CDATA[java.lang.NullPointerException
	at org.openqa.selenium.interactions.Actions.<init>(Actions.java:44)
	at SandyNaukri.editprofile(SandyNaukri.java:34)
	at sun.reflect.NativeMethodAccessorImpl.invoke0(Native Method)
	at sun.reflect.NativeMethodAccessorImpl.invoke(NativeMethodAccessorImpl.java:62)
	at sun.reflect.DelegatingMethodAccessorImpl.invoke(DelegatingMethodAccessorImpl.java:43)
	at java.lang.reflect.Method.invoke(Method.java:498)
	at org.testng.internal.MethodInvocationHelper.invokeMethod(MethodInvocationHelper.java:85)
	at org.testng.internal.Invoker.invokeMethod(Invoker.java:639)
	at org.testng.internal.Invoker.invokeTestMethod(Invoker.java:816)
	at org.testng.internal.Invoker.invokeTestMethods(Invoker.java:1124)
	at org.testng.internal.TestMethodWorker.invokeTestMethods(TestMethodWorker.java:125)
	at org.testng.internal.TestMethodWorker.run(TestMethodWorker.java:108)
	at org.testng.TestRunner.privateRun(TestRunner.java:774)
	at org.testng.TestRunner.run(TestRunner.java:624)
	at org.testng.SuiteRunner.runTest(SuiteRunner.java:359)
	at org.testng.SuiteRunner.runSequentially(SuiteRunner.java:354)
	at org.testng.SuiteRunner.privateRun(SuiteRunner.java:312)
	at org.testng.SuiteRunner.run(SuiteRunner.java:261)
	at org.testng.SuiteRunnerWorker.runSuite(SuiteRunnerWorker.java:52)
	at org.testng.SuiteRunnerWorker.run(SuiteRunnerWorker.java:86)
	at org.testng.TestNG.runSuitesSequentially(TestNG.java:1215)
	at org.testng.TestNG.runSuitesLocally(TestNG.java:1140)
	at org.testng.TestNG.run(TestNG.java:1048)
	at org.testng.remote.AbstractRemoteTestNG.run(AbstractRemoteTestNG.java:114)
	at org.testng.remote.RemoteTestNG.initAndRun(RemoteTestNG.java:251)
	at org.testng.remote.RemoteTestNG.main(RemoteTestNG.java:77)
]]>
    </error>
  </testcase> <!-- editprofile -->
  <testcase name="setup" time="47.615" classname="SandyNaukri">
    <error type="org.openqa.selenium.WebDriverException" message="Failed to connect to binary FirefoxBinary(C:\Program Files (x86)\Mozilla Firefox\firefox.exe) on port 7055; process output follows: 
,&quot;contributors&quot;:[&quot;Mozilla Contributors&quot;]},&quot;visible&quot;:true,&quot;active&quot;:true,&quot;userDisabled&quot;:false,&quot;appDisabled&quot;:false,&quot;descriptor&quot;:&quot;C:\\Program Files (x86)\\Mozilla Firefox\\browser\\extensions\\{972ce4c6-7e08-4474-a285-3208198ce6fd}.xpi&quot;,&quot;installDate&quot;:1505890320809,&quot;updateDate&quot;:1505890320809,&quot;applyBackgroundUpdates&quot;:1,&quot;skinnable&quot;:true,&quot;size&quot;:22012,&quot;sourceURI&quot;:null,&quot;releaseNotesURI&quot;:null,&quot;softDisabled&quot;:false,&quot;foreignInstall&quot;:false,&quot;hasBinaryComponents&quot;:false,&quot;strictCompatibility&quot;:true,&quot;locales&quot;:[],&quot;targetApplications&quot;:[{&quot;id&quot;:&quot;{ec8030f7-c20a-464f-9b0e-13a3a9e97384}&quot;,&quot;minVersion&quot;:&quot;47.0.2&quot;,&quot;maxVersion&quot;:&quot;47.0.2&quot;}],&quot;targetPlatforms&quot;:[],&quot;seen&quot;:true}
1505890976171	addons.xpi	DEBUG	getModTime: Recursive scan of {972ce4c6-7e08-4474-a285-3208198ce6fd}
1505890976173	DeferredSave.extensions.json	DEBUG	Save changes
1505890976173	addons.xpi	DEBUG	Updating database with changes to installed add-ons
1505890976173	addons.xpi-utils	DEBUG	Updating add-on states
1505890976175	addons.xpi-utils	DEBUG	Writing add-ons list
1505890976182	addons.xpi	DEBUG	Registering manifest for C:\Program Files (x86)\Mozilla Firefox\browser\features\e10srollout@mozilla.org.xpi
1505890976183	addons.xpi	DEBUG	Calling bootstrap method startup on e10srollout@mozilla.org version 1.0
1505890976183	addons.xpi	DEBUG	Registering manifest for C:\Program Files (x86)\Mozilla Firefox\browser\features\firefox@getpocket.com.xpi
1505890976184	addons.xpi	DEBUG	Calling bootstrap method startup on firefox@getpocket.com version 1.0.2
1505890976185	addons.xpi	DEBUG	Registering manifest for C:\Program Files (x86)\Mozilla Firefox\browser\features\loop@mozilla.org.xpi
1505890976186	addons.xpi	DEBUG	Calling bootstrap method startup on loop@mozilla.org version 1.3.2
1505890976215	addons.xpi	DEBUG	Registering manifest for C:\Program Files (x86)\Mozilla Firefox\browser\features\websensehelper@mozilla.org.xpi
1505890976216	addons.xpi	DEBUG	Calling bootstrap method startup on websensehelper@mozilla.org version 1.0
1505890976221	addons.manager	DEBUG	Registering shutdown blocker for XPIProvider
1505890976221	addons.manager	DEBUG	Provider finished startup: XPIProvider
1505890976221	addons.manager	DEBUG	Starting provider: LightweightThemeManager
1505890976222	addons.manager	DEBUG	Registering shutdown blocker for LightweightThemeManager
1505890976222	addons.manager	DEBUG	Provider finished startup: LightweightThemeManager
1505890976222	addons.manager	DEBUG	Starting provider: GMPProvider
1505890976234	addons.manager	DEBUG	Registering shutdown blocker for GMPProvider
1505890976235	addons.manager	DEBUG	Provider finished startup: GMPProvider
1505890976235	addons.manager	DEBUG	Starting provider: PluginProvider
1505890976235	addons.manager	DEBUG	Registering shutdown blocker for PluginProvider
1505890976239	addons.manager	DEBUG	Provider finished startup: PluginProvider
1505890976240	addons.manager	DEBUG	Completed startup sequence
1505890978440	addons.manager	DEBUG	Starting provider: &lt;unnamed-provider&gt;
1505890978440	addons.manager	DEBUG	Registering shutdown blocker for &lt;unnamed-provider&gt;
1505890978441	addons.manager	DEBUG	Provider finished startup: &lt;unnamed-provider&gt;
1505890979027	DeferredSave.extensions.json	DEBUG	Write succeeded
1505890979028	addons.xpi-utils	DEBUG	XPI Database saved, setting schema version preference to 17
1505890979029	DeferredSave.extensions.json	DEBUG	Starting timer
1505890979051	DeferredSave.extensions.json	DEBUG	Starting write
1505890979065	addons.repository	DEBUG	No addons.json found.
1505890979065	DeferredSave.addons.json	DEBUG	Save changes
1505890979070	DeferredSave.addons.json	DEBUG	Starting timer
1505890979109	addons.manager	DEBUG	Starting provider: PreviousExperimentProvider
1505890979109	addons.manager	DEBUG	Registering shutdown blocker for PreviousExperimentProvider
1505890979109	addons.manager	DEBUG	Provider finished startup: PreviousExperimentProvider
1505890979121	DeferredSave.addons.json	DEBUG	Starting write
1505890979122	DeferredSave.extensions.json	DEBUG	Write succeeded
1505890979170	DeferredSave.addons.json	DEBUG	Write succeeded

Build info: version: &#039;2.53.0&#039;, revision: &#039;35ae25b&#039;, time: &#039;2016-03-15 16:57:40&#039;
System info: host: &#039;Baburao-PC&#039;, ip: &#039;192.168.1.43&#039;, os.name: &#039;Windows 7&#039;, os.arch: &#039;amd64&#039;, os.version: &#039;6.1&#039;, java.version: &#039;1.8.0_144&#039;
Driver info: driver.version: FirefoxDriver">
      <![CDATA[org.openqa.selenium.WebDriverException: Failed to connect to binary FirefoxBinary(C:\Program Files (x86)\Mozilla Firefox\firefox.exe) on port 7055; process output follows: 
,"contributors":["Mozilla Contributors"]},"visible":true,"active":true,"userDisabled":false,"appDisabled":false,"descriptor":"C:\\Program Files (x86)\\Mozilla Firefox\\browser\\extensions\\{972ce4c6-7e08-4474-a285-3208198ce6fd}.xpi","installDate":1505890320809,"updateDate":1505890320809,"applyBackgroundUpdates":1,"skinnable":true,"size":22012,"sourceURI":null,"releaseNotesURI":null,"softDisabled":false,"foreignInstall":false,"hasBinaryComponents":false,"strictCompatibility":true,"locales":[],"targetApplications":[{"id":"{ec8030f7-c20a-464f-9b0e-13a3a9e97384}","minVersion":"47.0.2","maxVersion":"47.0.2"}],"targetPlatforms":[],"seen":true}
1505890976171	addons.xpi	DEBUG	getModTime: Recursive scan of {972ce4c6-7e08-4474-a285-3208198ce6fd}
1505890976173	DeferredSave.extensions.json	DEBUG	Save changes
1505890976173	addons.xpi	DEBUG	Updating database with changes to installed add-ons
1505890976173	addons.xpi-utils	DEBUG	Updating add-on states
1505890976175	addons.xpi-utils	DEBUG	Writing add-ons list
1505890976182	addons.xpi	DEBUG	Registering manifest for C:\Program Files (x86)\Mozilla Firefox\browser\features\e10srollout@mozilla.org.xpi
1505890976183	addons.xpi	DEBUG	Calling bootstrap method startup on e10srollout@mozilla.org version 1.0
1505890976183	addons.xpi	DEBUG	Registering manifest for C:\Program Files (x86)\Mozilla Firefox\browser\features\firefox@getpocket.com.xpi
1505890976184	addons.xpi	DEBUG	Calling bootstrap method startup on firefox@getpocket.com version 1.0.2
1505890976185	addons.xpi	DEBUG	Registering manifest for C:\Program Files (x86)\Mozilla Firefox\browser\features\loop@mozilla.org.xpi
1505890976186	addons.xpi	DEBUG	Calling bootstrap method startup on loop@mozilla.org version 1.3.2
1505890976215	addons.xpi	DEBUG	Registering manifest for C:\Program Files (x86)\Mozilla Firefox\browser\features\websensehelper@mozilla.org.xpi
1505890976216	addons.xpi	DEBUG	Calling bootstrap method startup on websensehelper@mozilla.org version 1.0
1505890976221	addons.manager	DEBUG	Registering shutdown blocker for XPIProvider
1505890976221	addons.manager	DEBUG	Provider finished startup: XPIProvider
1505890976221	addons.manager	DEBUG	Starting provider: LightweightThemeManager
1505890976222	addons.manager	DEBUG	Registering shutdown blocker for LightweightThemeManager
1505890976222	addons.manager	DEBUG	Provider finished startup: LightweightThemeManager
1505890976222	addons.manager	DEBUG	Starting provider: GMPProvider
1505890976234	addons.manager	DEBUG	Registering shutdown blocker for GMPProvider
1505890976235	addons.manager	DEBUG	Provider finished startup: GMPProvider
1505890976235	addons.manager	DEBUG	Starting provider: PluginProvider
1505890976235	addons.manager	DEBUG	Registering shutdown blocker for PluginProvider
1505890976239	addons.manager	DEBUG	Provider finished startup: PluginProvider
1505890976240	addons.manager	DEBUG	Completed startup sequence
1505890978440	addons.manager	DEBUG	Starting provider: <unnamed-provider>
1505890978440	addons.manager	DEBUG	Registering shutdown blocker for <unnamed-provider>
1505890978441	addons.manager	DEBUG	Provider finished startup: <unnamed-provider>
1505890979027	DeferredSave.extensions.json	DEBUG	Write succeeded
1505890979028	addons.xpi-utils	DEBUG	XPI Database saved, setting schema version preference to 17
1505890979029	DeferredSave.extensions.json	DEBUG	Starting timer
1505890979051	DeferredSave.extensions.json	DEBUG	Starting write
1505890979065	addons.repository	DEBUG	No addons.json found.
1505890979065	DeferredSave.addons.json	DEBUG	Save changes
1505890979070	DeferredSave.addons.json	DEBUG	Starting timer
1505890979109	addons.manager	DEBUG	Starting provider: PreviousExperimentProvider
1505890979109	addons.manager	DEBUG	Registering shutdown blocker for PreviousExperimentProvider
1505890979109	addons.manager	DEBUG	Provider finished startup: PreviousExperimentProvider
1505890979121	DeferredSave.addons.json	DEBUG	Starting write
1505890979122	DeferredSave.extensions.json	DEBUG	Write succeeded
1505890979170	DeferredSave.addons.json	DEBUG	Write succeeded

Build info: version: '2.53.0', revision: '35ae25b', time: '2016-03-15 16:57:40'
System info: host: 'Baburao-PC', ip: '192.168.1.43', os.name: 'Windows 7', os.arch: 'amd64', os.version: '6.1', java.version: '1.8.0_144'
Driver info: driver.version: FirefoxDriver
	at org.openqa.selenium.firefox.internal.NewProfileExtensionConnection.start(NewProfileExtensionConnection.java:124)
	at org.openqa.selenium.firefox.FirefoxDriver.startClient(FirefoxDriver.java:271)
	at org.openqa.selenium.remote.RemoteWebDriver.<init>(RemoteWebDriver.java:119)
	at org.openqa.selenium.firefox.FirefoxDriver.<init>(FirefoxDriver.java:218)
	at org.openqa.selenium.firefox.FirefoxDriver.<init>(FirefoxDriver.java:211)
	at org.openqa.selenium.firefox.FirefoxDriver.<init>(FirefoxDriver.java:207)
	at org.openqa.selenium.firefox.FirefoxDriver.<init>(FirefoxDriver.java:120)
	at SandyNaukri.setup(SandyNaukri.java:19)
	at sun.reflect.NativeMethodAccessorImpl.invoke0(Native Method)
	at sun.reflect.NativeMethodAccessorImpl.invoke(NativeMethodAccessorImpl.java:62)
	at sun.reflect.DelegatingMethodAccessorImpl.invoke(DelegatingMethodAccessorImpl.java:43)
	at java.lang.reflect.Method.invoke(Method.java:498)
	at org.testng.internal.MethodInvocationHelper.invokeMethod(MethodInvocationHelper.java:85)
	at org.testng.internal.Invoker.invokeMethod(Invoker.java:639)
	at org.testng.internal.Invoker.invokeTestMethod(Invoker.java:816)
	at org.testng.internal.Invoker.invokeTestMethods(Invoker.java:1124)
	at org.testng.internal.TestMethodWorker.invokeTestMethods(TestMethodWorker.java:125)
	at org.testng.internal.TestMethodWorker.run(TestMethodWorker.java:108)
	at org.testng.TestRunner.privateRun(TestRunner.java:774)
	at org.testng.TestRunner.run(TestRunner.java:624)
	at org.testng.SuiteRunner.runTest(SuiteRunner.java:359)
	at org.testng.SuiteRunner.runSequentially(SuiteRunner.java:354)
	at org.testng.SuiteRunner.privateRun(SuiteRunner.java:312)
	at org.testng.SuiteRunner.run(SuiteRunner.java:261)
	at org.testng.SuiteRunnerWorker.runSuite(SuiteRunnerWorker.java:52)
	at org.testng.SuiteRunnerWorker.run(SuiteRunnerWorker.java:86)
	at org.testng.TestNG.runSuitesSequentially(TestNG.java:1215)
	at org.testng.TestNG.runSuitesLocally(TestNG.java:1140)
	at org.testng.TestNG.run(TestNG.java:1048)
	at org.testng.remote.AbstractRemoteTestNG.run(AbstractRemoteTestNG.java:114)
	at org.testng.remote.RemoteTestNG.initAndRun(RemoteTestNG.java:251)
	at org.testng.remote.RemoteTestNG.main(RemoteTestNG.java:77)
Caused by: org.openqa.selenium.firefox.NotConnectedException: Unable to connect to host 127.0.0.1 on port 7055 after 45000 ms. Firefox console output:
,"contributors":["Mozilla Contributors"]},"visible":true,"active":true,"userDisabled":false,"appDisabled":false,"descriptor":"C:\\Program Files (x86)\\Mozilla Firefox\\browser\\extensions\\{972ce4c6-7e08-4474-a285-3208198ce6fd}.xpi","installDate":1505890320809,"updateDate":1505890320809,"applyBackgroundUpdates":1,"skinnable":true,"size":22012,"sourceURI":null,"releaseNotesURI":null,"softDisabled":false,"foreignInstall":false,"hasBinaryComponents":false,"strictCompatibility":true,"locales":[],"targetApplications":[{"id":"{ec8030f7-c20a-464f-9b0e-13a3a9e97384}","minVersion":"47.0.2","maxVersion":"47.0.2"}],"targetPlatforms":[],"seen":true}
1505890976171	addons.xpi	DEBUG	getModTime: Recursive scan of {972ce4c6-7e08-4474-a285-3208198ce6fd}
1505890976173	DeferredSave.extensions.json	DEBUG	Save changes
1505890976173	addons.xpi	DEBUG	Updating database with changes to installed add-ons
1505890976173	addons.xpi-utils	DEBUG	Updating add-on states
1505890976175	addons.xpi-utils	DEBUG	Writing add-ons list
1505890976182	addons.xpi	DEBUG	Registering manifest for C:\Program Files (x86)\Mozilla Firefox\browser\features\e10srollout@mozilla.org.xpi
1505890976183	addons.xpi	DEBUG	Calling bootstrap method startup on e10srollout@mozilla.org version 1.0
1505890976183	addons.xpi	DEBUG	Registering manifest for C:\Program Files (x86)\Mozilla Firefox\browser\features\firefox@getpocket.com.xpi
1505890976184	addons.xpi	DEBUG	Calling bootstrap method startup on firefox@getpocket.com version 1.0.2
1505890976185	addons.xpi	DEBUG	Registering manifest for C:\Program Files (x86)\Mozilla Firefox\browser\features\loop@mozilla.org.xpi
1505890976186	addons.xpi	DEBUG	Calling bootstrap method startup on loop@mozilla.org version 1.3.2
1505890976215	addons.xpi	DEBUG	Registering manifest for C:\Program Files (x86)\Mozilla Firefox\browser\features\websensehelper@mozilla.org.xpi
1505890976216	addons.xpi	DEBUG	Calling bootstrap method startup on websensehelper@mozilla.org version 1.0
1505890976221	addons.manager	DEBUG	Registering shutdown blocker for XPIProvider
1505890976221	addons.manager	DEBUG	Provider finished startup: XPIProvider
1505890976221	addons.manager	DEBUG	Starting provider: LightweightThemeManager
1505890976222	addons.manager	DEBUG	Registering shutdown blocker for LightweightThemeManager
1505890976222	addons.manager	DEBUG	Provider finished startup: LightweightThemeManager
1505890976222	addons.manager	DEBUG	Starting provider: GMPProvider
1505890976234	addons.manager	DEBUG	Registering shutdown blocker for GMPProvider
1505890976235	addons.manager	DEBUG	Provider finished startup: GMPProvider
1505890976235	addons.manager	DEBUG	Starting provider: PluginProvider
1505890976235	addons.manager	DEBUG	Registering shutdown blocker for PluginProvider
1505890976239	addons.manager	DEBUG	Provider finished startup: PluginProvider
1505890976240	addons.manager	DEBUG	Completed startup sequence
1505890978440	addons.manager	DEBUG	Starting provider: <unnamed-provider>
1505890978440	addons.manager	DEBUG	Registering shutdown blocker for <unnamed-provider>
1505890978441	addons.manager	DEBUG	Provider finished startup: <unnamed-provider>
1505890979027	DeferredSave.extensions.json	DEBUG	Write succeeded
1505890979028	addons.xpi-utils	DEBUG	XPI Database saved, setting schema version preference to 17
1505890979029	DeferredSave.extensions.json	DEBUG	Starting timer
1505890979051	DeferredSave.extensions.json	DEBUG	Starting write
1505890979065	addons.repository	DEBUG	No addons.json found.
1505890979065	DeferredSave.addons.json	DEBUG	Save changes
1505890979070	DeferredSave.addons.json	DEBUG	Starting timer
1505890979109	addons.manager	DEBUG	Starting provider: PreviousExperimentProvider
1505890979109	addons.manager	DEBUG	Registering shutdown blocker for PreviousExperimentProvider
1505890979109	addons.manager	DEBUG	Provider finished startup: PreviousExperimentProvider
1505890979121	DeferredSave.addons.json	DEBUG	Starting write
1505890979122	DeferredSave.extensions.json	DEBUG	Write succeeded
1505890979170	DeferredSave.addons.json	DEBUG	Write succeeded

	at org.openqa.selenium.firefox.internal.NewProfileExtensionConnection.start(NewProfileExtensionConnection.java:112)
	... 31 more
]]>
    </error>
  </testcase> <!-- setup -->
</testsuite> <!-- SandyNaukri -->
