<?xml version="1.0" encoding="UTF-8"?>
<!-- Generated by org.testng.reporters.JUnitReportReporter -->
<testsuite hostname="Baburao-PC" name="TestNG.Browsers" tests="3" failures="0" timestamp="22 Sep 2017 07:48:23 GMT" time="73.083" errors="3">
  <testcase name="yo2" time="47.623" classname="TestNG.Browsers">
    <error type="org.openqa.selenium.WebDriverException" message="Failed to connect to binary FirefoxBinary(C:\Program Files (x86)\Mozilla Firefox\firefox.exe) on port 7055; process output follows: 
	DEBUG	Calling bootstrap method startup on e10srollout@mozilla.org version 1.0
1506066433583	addons.xpi	DEBUG	Registering manifest for C:\Program Files (x86)\Mozilla Firefox\browser\features\firefox@getpocket.com.xpi
1506066433584	addons.xpi	DEBUG	Calling bootstrap method startup on firefox@getpocket.com version 1.0.2
1506066433585	addons.xpi	DEBUG	Registering manifest for C:\Program Files (x86)\Mozilla Firefox\browser\features\loop@mozilla.org.xpi
1506066433586	addons.xpi	DEBUG	Calling bootstrap method startup on loop@mozilla.org version 1.3.2
1506066433613	addons.xpi	DEBUG	Registering manifest for C:\Program Files (x86)\Mozilla Firefox\browser\features\websensehelper@mozilla.org.xpi
1506066433614	addons.xpi	DEBUG	Calling bootstrap method startup on websensehelper@mozilla.org version 1.0
1506066433618	addons.manager	DEBUG	Registering shutdown blocker for XPIProvider
1506066433619	addons.manager	DEBUG	Provider finished startup: XPIProvider
1506066433619	addons.manager	DEBUG	Starting provider: LightweightThemeManager
1506066433619	addons.manager	DEBUG	Registering shutdown blocker for LightweightThemeManager
1506066433619	addons.manager	DEBUG	Provider finished startup: LightweightThemeManager
1506066433620	addons.manager	DEBUG	Starting provider: GMPProvider
1506066433629	addons.manager	DEBUG	Registering shutdown blocker for GMPProvider
1506066433630	addons.manager	DEBUG	Provider finished startup: GMPProvider
1506066433630	addons.manager	DEBUG	Starting provider: PluginProvider
1506066433630	addons.manager	DEBUG	Registering shutdown blocker for PluginProvider
1506066433633	addons.manager	DEBUG	Provider finished startup: PluginProvider
1506066433634	addons.manager	DEBUG	Completed startup sequence
1506066435541	addons.manager	DEBUG	Starting provider: &lt;unnamed-provider&gt;
1506066435541	addons.manager	DEBUG	Registering shutdown blocker for &lt;unnamed-provider&gt;
1506066435541	addons.manager	DEBUG	Provider finished startup: &lt;unnamed-provider&gt;
1506066436265	DeferredSave.extensions.json	DEBUG	Write succeeded
1506066436265	addons.xpi-utils	DEBUG	XPI Database saved, setting schema version preference to 17
1506066436266	DeferredSave.extensions.json	DEBUG	Starting timer
1506066436289	DeferredSave.extensions.json	DEBUG	Starting write
1506066436301	addons.repository	DEBUG	No addons.json found.
1506066436302	DeferredSave.addons.json	DEBUG	Save changes
1506066436306	DeferredSave.addons.json	DEBUG	Starting timer
1506066436344	addons.manager	DEBUG	Starting provider: PreviousExperimentProvider
1506066436344	addons.manager	DEBUG	Registering shutdown blocker for PreviousExperimentProvider
1506066436345	addons.manager	DEBUG	Provider finished startup: PreviousExperimentProvider
1506066436355	DeferredSave.extensions.json	DEBUG	Write succeeded
1506066436374	DeferredSave.addons.json	DEBUG	Starting write
1506066436397	DeferredSave.addons.json	DEBUG	Write succeeded
1506066445736	addons.xpi	DEBUG	Calling bootstrap method shutdown on e10srollout@mozilla.org version 1.0
1506066445737	addons.xpi	DEBUG	Calling bootstrap method shutdown on firefox@getpocket.com version 1.0.2
1506066445737	addons.xpi	DEBUG	Calling bootstrap method shutdown on loop@mozilla.org version 1.3.2
1506066445740	addons.xpi	DEBUG	Calling bootstrap method shutdown on websensehelper@mozilla.org version 1.0
1506066445951	addons.manager	DEBUG	shutdown
1506066445952	addons.manager	DEBUG	Calling shutdown blocker for XPIProvider
1506066445952	addons.xpi	DEBUG	shutdown
1506066445952	addons.xpi-utils	DEBUG	shutdown
1506066445953	addons.manager	DEBUG	Calling shutdown blocker for LightweightThemeManager
1506066445954	addons.manager	DEBUG	Calling shutdown blocker for GMPProvider
1506066445958	addons.manager	DEBUG	Calling shutdown blocker for PluginProvider
1506066445961	addons.manager	DEBUG	Calling shutdown blocker for &lt;unnamed-provider&gt;
1506066445964	addons.manager	DEBUG	Calling shutdown blocker for PreviousExperimentProvider
1506066445967	addons.xpi	DEBUG	Notifying XPI shutdown observers
1506066445972	addons.manager	DEBUG	Async provider shutdown done

Build info: version: &#039;2.53.0&#039;, revision: &#039;35ae25b&#039;, time: &#039;2016-03-15 16:57:40&#039;
System info: host: &#039;Baburao-PC&#039;, ip: &#039;192.168.1.43&#039;, os.name: &#039;Windows 7&#039;, os.arch: &#039;amd64&#039;, os.version: &#039;6.1&#039;, java.version: &#039;1.8.0_144&#039;
Driver info: driver.version: FirefoxDriver">
      <![CDATA[org.openqa.selenium.WebDriverException: Failed to connect to binary FirefoxBinary(C:\Program Files (x86)\Mozilla Firefox\firefox.exe) on port 7055; process output follows: 
	DEBUG	Calling bootstrap method startup on e10srollout@mozilla.org version 1.0
1506066433583	addons.xpi	DEBUG	Registering manifest for C:\Program Files (x86)\Mozilla Firefox\browser\features\firefox@getpocket.com.xpi
1506066433584	addons.xpi	DEBUG	Calling bootstrap method startup on firefox@getpocket.com version 1.0.2
1506066433585	addons.xpi	DEBUG	Registering manifest for C:\Program Files (x86)\Mozilla Firefox\browser\features\loop@mozilla.org.xpi
1506066433586	addons.xpi	DEBUG	Calling bootstrap method startup on loop@mozilla.org version 1.3.2
1506066433613	addons.xpi	DEBUG	Registering manifest for C:\Program Files (x86)\Mozilla Firefox\browser\features\websensehelper@mozilla.org.xpi
1506066433614	addons.xpi	DEBUG	Calling bootstrap method startup on websensehelper@mozilla.org version 1.0
1506066433618	addons.manager	DEBUG	Registering shutdown blocker for XPIProvider
1506066433619	addons.manager	DEBUG	Provider finished startup: XPIProvider
1506066433619	addons.manager	DEBUG	Starting provider: LightweightThemeManager
1506066433619	addons.manager	DEBUG	Registering shutdown blocker for LightweightThemeManager
1506066433619	addons.manager	DEBUG	Provider finished startup: LightweightThemeManager
1506066433620	addons.manager	DEBUG	Starting provider: GMPProvider
1506066433629	addons.manager	DEBUG	Registering shutdown blocker for GMPProvider
1506066433630	addons.manager	DEBUG	Provider finished startup: GMPProvider
1506066433630	addons.manager	DEBUG	Starting provider: PluginProvider
1506066433630	addons.manager	DEBUG	Registering shutdown blocker for PluginProvider
1506066433633	addons.manager	DEBUG	Provider finished startup: PluginProvider
1506066433634	addons.manager	DEBUG	Completed startup sequence
1506066435541	addons.manager	DEBUG	Starting provider: <unnamed-provider>
1506066435541	addons.manager	DEBUG	Registering shutdown blocker for <unnamed-provider>
1506066435541	addons.manager	DEBUG	Provider finished startup: <unnamed-provider>
1506066436265	DeferredSave.extensions.json	DEBUG	Write succeeded
1506066436265	addons.xpi-utils	DEBUG	XPI Database saved, setting schema version preference to 17
1506066436266	DeferredSave.extensions.json	DEBUG	Starting timer
1506066436289	DeferredSave.extensions.json	DEBUG	Starting write
1506066436301	addons.repository	DEBUG	No addons.json found.
1506066436302	DeferredSave.addons.json	DEBUG	Save changes
1506066436306	DeferredSave.addons.json	DEBUG	Starting timer
1506066436344	addons.manager	DEBUG	Starting provider: PreviousExperimentProvider
1506066436344	addons.manager	DEBUG	Registering shutdown blocker for PreviousExperimentProvider
1506066436345	addons.manager	DEBUG	Provider finished startup: PreviousExperimentProvider
1506066436355	DeferredSave.extensions.json	DEBUG	Write succeeded
1506066436374	DeferredSave.addons.json	DEBUG	Starting write
1506066436397	DeferredSave.addons.json	DEBUG	Write succeeded
1506066445736	addons.xpi	DEBUG	Calling bootstrap method shutdown on e10srollout@mozilla.org version 1.0
1506066445737	addons.xpi	DEBUG	Calling bootstrap method shutdown on firefox@getpocket.com version 1.0.2
1506066445737	addons.xpi	DEBUG	Calling bootstrap method shutdown on loop@mozilla.org version 1.3.2
1506066445740	addons.xpi	DEBUG	Calling bootstrap method shutdown on websensehelper@mozilla.org version 1.0
1506066445951	addons.manager	DEBUG	shutdown
1506066445952	addons.manager	DEBUG	Calling shutdown blocker for XPIProvider
1506066445952	addons.xpi	DEBUG	shutdown
1506066445952	addons.xpi-utils	DEBUG	shutdown
1506066445953	addons.manager	DEBUG	Calling shutdown blocker for LightweightThemeManager
1506066445954	addons.manager	DEBUG	Calling shutdown blocker for GMPProvider
1506066445958	addons.manager	DEBUG	Calling shutdown blocker for PluginProvider
1506066445961	addons.manager	DEBUG	Calling shutdown blocker for <unnamed-provider>
1506066445964	addons.manager	DEBUG	Calling shutdown blocker for PreviousExperimentProvider
1506066445967	addons.xpi	DEBUG	Notifying XPI shutdown observers
1506066445972	addons.manager	DEBUG	Async provider shutdown done

Build info: version: '2.53.0', revision: '35ae25b', time: '2016-03-15 16:57:40'
System info: host: 'Baburao-PC', ip: '192.168.1.43', os.name: 'Windows 7', os.arch: 'amd64', os.version: '6.1', java.version: '1.8.0_144'
Driver info: driver.version: FirefoxDriver
	at org.openqa.selenium.firefox.internal.NewProfileExtensionConnection.start(NewProfileExtensionConnection.java:124)
	at org.openqa.selenium.firefox.FirefoxDriver.startClient(FirefoxDriver.java:271)
	at org.openqa.selenium.remote.RemoteWebDriver.<init>(RemoteWebDriver.java:119)
	at org.openqa.selenium.firefox.FirefoxDriver.<init>(FirefoxDriver.java:218)
	at org.openqa.selenium.firefox.FirefoxDriver.<init>(FirefoxDriver.java:211)
	at org.openqa.selenium.firefox.FirefoxDriver.<init>(FirefoxDriver.java:207)
	at org.openqa.selenium.firefox.FirefoxDriver.<init>(FirefoxDriver.java:120)
	at TestNG.Browsers.yo2(Browsers.java:29)
	at sun.reflect.NativeMethodAccessorImpl.invoke0(Native Method)
	at sun.reflect.NativeMethodAccessorImpl.invoke(NativeMethodAccessorImpl.java:62)
	at sun.reflect.DelegatingMethodAccessorImpl.invoke(DelegatingMethodAccessorImpl.java:43)
	at java.lang.reflect.Method.invoke(Method.java:498)
	at org.testng.internal.MethodInvocationHelper.invokeMethod(MethodInvocationHelper.java:85)
	at org.testng.internal.Invoker.invokeMethod(Invoker.java:639)
	at org.testng.internal.Invoker.invokeTestMethod(Invoker.java:816)
	at org.testng.internal.Invoker.invokeTestMethods(Invoker.java:1124)
	at org.testng.internal.TestMethodWorker.invokeTestMethods(TestMethodWorker.java:125)
	at org.testng.internal.TestMethodWorker.run(TestMethodWorker.java:108)
	at org.testng.TestRunner.privateRun(TestRunner.java:774)
	at org.testng.TestRunner.run(TestRunner.java:624)
	at org.testng.SuiteRunner.runTest(SuiteRunner.java:359)
	at org.testng.SuiteRunner.runSequentially(SuiteRunner.java:354)
	at org.testng.SuiteRunner.privateRun(SuiteRunner.java:312)
	at org.testng.SuiteRunner.run(SuiteRunner.java:261)
	at org.testng.SuiteRunnerWorker.runSuite(SuiteRunnerWorker.java:52)
	at org.testng.SuiteRunnerWorker.run(SuiteRunnerWorker.java:86)
	at org.testng.TestNG.runSuitesSequentially(TestNG.java:1215)
	at org.testng.TestNG.runSuitesLocally(TestNG.java:1140)
	at org.testng.TestNG.run(TestNG.java:1048)
	at org.testng.remote.AbstractRemoteTestNG.run(AbstractRemoteTestNG.java:114)
	at org.testng.remote.RemoteTestNG.initAndRun(RemoteTestNG.java:251)
	at org.testng.remote.RemoteTestNG.main(RemoteTestNG.java:77)
Caused by: org.openqa.selenium.firefox.NotConnectedException: Unable to connect to host 127.0.0.1 on port 7055 after 45000 ms. Firefox console output:
	DEBUG	Calling bootstrap method startup on e10srollout@mozilla.org version 1.0
1506066433583	addons.xpi	DEBUG	Registering manifest for C:\Program Files (x86)\Mozilla Firefox\browser\features\firefox@getpocket.com.xpi
1506066433584	addons.xpi	DEBUG	Calling bootstrap method startup on firefox@getpocket.com version 1.0.2
1506066433585	addons.xpi	DEBUG	Registering manifest for C:\Program Files (x86)\Mozilla Firefox\browser\features\loop@mozilla.org.xpi
1506066433586	addons.xpi	DEBUG	Calling bootstrap method startup on loop@mozilla.org version 1.3.2
1506066433613	addons.xpi	DEBUG	Registering manifest for C:\Program Files (x86)\Mozilla Firefox\browser\features\websensehelper@mozilla.org.xpi
1506066433614	addons.xpi	DEBUG	Calling bootstrap method startup on websensehelper@mozilla.org version 1.0
1506066433618	addons.manager	DEBUG	Registering shutdown blocker for XPIProvider
1506066433619	addons.manager	DEBUG	Provider finished startup: XPIProvider
1506066433619	addons.manager	DEBUG	Starting provider: LightweightThemeManager
1506066433619	addons.manager	DEBUG	Registering shutdown blocker for LightweightThemeManager
1506066433619	addons.manager	DEBUG	Provider finished startup: LightweightThemeManager
1506066433620	addons.manager	DEBUG	Starting provider: GMPProvider
1506066433629	addons.manager	DEBUG	Registering shutdown blocker for GMPProvider
1506066433630	addons.manager	DEBUG	Provider finished startup: GMPProvider
1506066433630	addons.manager	DEBUG	Starting provider: PluginProvider
1506066433630	addons.manager	DEBUG	Registering shutdown blocker for PluginProvider
1506066433633	addons.manager	DEBUG	Provider finished startup: PluginProvider
1506066433634	addons.manager	DEBUG	Completed startup sequence
1506066435541	addons.manager	DEBUG	Starting provider: <unnamed-provider>
1506066435541	addons.manager	DEBUG	Registering shutdown blocker for <unnamed-provider>
1506066435541	addons.manager	DEBUG	Provider finished startup: <unnamed-provider>
1506066436265	DeferredSave.extensions.json	DEBUG	Write succeeded
1506066436265	addons.xpi-utils	DEBUG	XPI Database saved, setting schema version preference to 17
1506066436266	DeferredSave.extensions.json	DEBUG	Starting timer
1506066436289	DeferredSave.extensions.json	DEBUG	Starting write
1506066436301	addons.repository	DEBUG	No addons.json found.
1506066436302	DeferredSave.addons.json	DEBUG	Save changes
1506066436306	DeferredSave.addons.json	DEBUG	Starting timer
1506066436344	addons.manager	DEBUG	Starting provider: PreviousExperimentProvider
1506066436344	addons.manager	DEBUG	Registering shutdown blocker for PreviousExperimentProvider
1506066436345	addons.manager	DEBUG	Provider finished startup: PreviousExperimentProvider
1506066436355	DeferredSave.extensions.json	DEBUG	Write succeeded
1506066436374	DeferredSave.addons.json	DEBUG	Starting write
1506066436397	DeferredSave.addons.json	DEBUG	Write succeeded
1506066445736	addons.xpi	DEBUG	Calling bootstrap method shutdown on e10srollout@mozilla.org version 1.0
1506066445737	addons.xpi	DEBUG	Calling bootstrap method shutdown on firefox@getpocket.com version 1.0.2
1506066445737	addons.xpi	DEBUG	Calling bootstrap method shutdown on loop@mozilla.org version 1.3.2
1506066445740	addons.xpi	DEBUG	Calling bootstrap method shutdown on websensehelper@mozilla.org version 1.0
1506066445951	addons.manager	DEBUG	shutdown
1506066445952	addons.manager	DEBUG	Calling shutdown blocker for XPIProvider
1506066445952	addons.xpi	DEBUG	shutdown
1506066445952	addons.xpi-utils	DEBUG	shutdown
1506066445953	addons.manager	DEBUG	Calling shutdown blocker for LightweightThemeManager
1506066445954	addons.manager	DEBUG	Calling shutdown blocker for GMPProvider
1506066445958	addons.manager	DEBUG	Calling shutdown blocker for PluginProvider
1506066445961	addons.manager	DEBUG	Calling shutdown blocker for <unnamed-provider>
1506066445964	addons.manager	DEBUG	Calling shutdown blocker for PreviousExperimentProvider
1506066445967	addons.xpi	DEBUG	Notifying XPI shutdown observers
1506066445972	addons.manager	DEBUG	Async provider shutdown done

	at org.openqa.selenium.firefox.internal.NewProfileExtensionConnection.start(NewProfileExtensionConnection.java:112)
	... 31 more
]]>
    </error>
  </testcase> <!-- yo2 -->
  <testcase name="you3" time="2.621" classname="TestNG.Browsers">
    <error type="org.openqa.selenium.remote.SessionNotFoundException" message="session null does not exist (WARNING: The server did not provide any stacktrace information)
Command duration or timeout: 0 milliseconds
Build info: version: &#039;2.53.0&#039;, revision: &#039;35ae25b&#039;, time: &#039;2016-03-15 16:57:40&#039;
System info: host: &#039;Baburao-PC&#039;, ip: &#039;192.168.1.43&#039;, os.name: &#039;Windows 7&#039;, os.arch: &#039;amd64&#039;, os.version: &#039;6.1&#039;, java.version: &#039;1.8.0_144&#039;
Driver info: org.openqa.selenium.ie.InternetExplorerDriver
Capabilities [{capabilities={acceptInsecureCerts=false, browserVersion=11, se:ieOptions={nativeEvents=true, browserAttachTimeout=0, ie.ensureCleanSession=false, elementScrollBehavior=0, enablePersistentHover=true, ie.browserCommandLineSwitches=, ie.forceCreateProcessApi=false, requireWindowFocus=false, initialBrowserUrl=http://localhost:1156/, ignoreZoomSetting=false, ie.fileUploadDialogTimeout=3000, ignoreProtectedModeSettings=false}, browserName=internet explorer, pageLoadStrategy=normal, unhandledPromptBehavior=dismiss, platformName=windows, setWindowRect=true}, sessionId=69397647-1db6-44df-9197-d2375f65df48, platform=ANY}]
Session ID: null">
      <![CDATA[org.openqa.selenium.remote.SessionNotFoundException: session null does not exist (WARNING: The server did not provide any stacktrace information)
Command duration or timeout: 0 milliseconds
Build info: version: '2.53.0', revision: '35ae25b', time: '2016-03-15 16:57:40'
System info: host: 'Baburao-PC', ip: '192.168.1.43', os.name: 'Windows 7', os.arch: 'amd64', os.version: '6.1', java.version: '1.8.0_144'
Driver info: org.openqa.selenium.ie.InternetExplorerDriver
Capabilities [{capabilities={acceptInsecureCerts=false, browserVersion=11, se:ieOptions={nativeEvents=true, browserAttachTimeout=0, ie.ensureCleanSession=false, elementScrollBehavior=0, enablePersistentHover=true, ie.browserCommandLineSwitches=, ie.forceCreateProcessApi=false, requireWindowFocus=false, initialBrowserUrl=http://localhost:1156/, ignoreZoomSetting=false, ie.fileUploadDialogTimeout=3000, ignoreProtectedModeSettings=false}, browserName=internet explorer, pageLoadStrategy=normal, unhandledPromptBehavior=dismiss, platformName=windows, setWindowRect=true}, sessionId=69397647-1db6-44df-9197-d2375f65df48, platform=ANY}]
Session ID: null
	at sun.reflect.NativeConstructorAccessorImpl.newInstance0(Native Method)
	at sun.reflect.NativeConstructorAccessorImpl.newInstance(NativeConstructorAccessorImpl.java:62)
	at sun.reflect.DelegatingConstructorAccessorImpl.newInstance(DelegatingConstructorAccessorImpl.java:45)
	at java.lang.reflect.Constructor.newInstance(Constructor.java:423)
	at org.openqa.selenium.remote.ErrorHandler.createThrowable(ErrorHandler.java:206)
	at org.openqa.selenium.remote.ErrorHandler.throwIfResponseFailed(ErrorHandler.java:158)
	at org.openqa.selenium.remote.RemoteWebDriver.execute(RemoteWebDriver.java:678)
	at org.openqa.selenium.remote.RemoteWebDriver.get(RemoteWebDriver.java:316)
	at TestNG.Browsers.you3(Browsers.java:41)
	at sun.reflect.NativeMethodAccessorImpl.invoke0(Native Method)
	at sun.reflect.NativeMethodAccessorImpl.invoke(NativeMethodAccessorImpl.java:62)
	at sun.reflect.DelegatingMethodAccessorImpl.invoke(DelegatingMethodAccessorImpl.java:43)
	at java.lang.reflect.Method.invoke(Method.java:498)
	at org.testng.internal.MethodInvocationHelper.invokeMethod(MethodInvocationHelper.java:85)
	at org.testng.internal.Invoker.invokeMethod(Invoker.java:639)
	at org.testng.internal.Invoker.invokeTestMethod(Invoker.java:816)
	at org.testng.internal.Invoker.invokeTestMethods(Invoker.java:1124)
	at org.testng.internal.TestMethodWorker.invokeTestMethods(TestMethodWorker.java:125)
	at org.testng.internal.TestMethodWorker.run(TestMethodWorker.java:108)
	at org.testng.TestRunner.privateRun(TestRunner.java:774)
	at org.testng.TestRunner.run(TestRunner.java:624)
	at org.testng.SuiteRunner.runTest(SuiteRunner.java:359)
	at org.testng.SuiteRunner.runSequentially(SuiteRunner.java:354)
	at org.testng.SuiteRunner.privateRun(SuiteRunner.java:312)
	at org.testng.SuiteRunner.run(SuiteRunner.java:261)
	at org.testng.SuiteRunnerWorker.runSuite(SuiteRunnerWorker.java:52)
	at org.testng.SuiteRunnerWorker.run(SuiteRunnerWorker.java:86)
	at org.testng.TestNG.runSuitesSequentially(TestNG.java:1215)
	at org.testng.TestNG.runSuitesLocally(TestNG.java:1140)
	at org.testng.TestNG.run(TestNG.java:1048)
	at org.testng.remote.AbstractRemoteTestNG.run(AbstractRemoteTestNG.java:114)
	at org.testng.remote.RemoteTestNG.initAndRun(RemoteTestNG.java:251)
	at org.testng.remote.RemoteTestNG.main(RemoteTestNG.java:77)
]]>
    </error>
  </testcase> <!-- you3 -->
  <testcase name="you" time="22.839" classname="TestNG.Browsers">
    <error type="org.openqa.selenium.remote.UnreachableBrowserException" message="Error communicating with the remote browser. It may have died.
Build info: version: &#039;2.53.0&#039;, revision: &#039;35ae25b&#039;, time: &#039;2016-03-15 16:57:40&#039;
System info: host: &#039;Baburao-PC&#039;, ip: &#039;192.168.1.43&#039;, os.name: &#039;Windows 7&#039;, os.arch: &#039;amd64&#039;, os.version: &#039;6.1&#039;, java.version: &#039;1.8.0_144&#039;
Driver info: driver.version: RemoteWebDriver
Capabilities [{applicationCacheEnabled=false, rotatable=false, mobileEmulationEnabled=false, networkConnectionEnabled=false, chrome={chromedriverVersion=2.32.498550 (9dec58e66c31bcc53a9ce3c7226f0c1c5810906a), userDataDir=C:\Users\Baburao\AppData\Local\Temp\scoped_dir6204_27137}, takesHeapSnapshot=true, pageLoadStrategy=normal, databaseEnabled=false, handlesAlerts=true, hasTouchScreen=false, version=60.0.3112.113, platform=XP, browserConnectionEnabled=false, nativeEvents=true, acceptSslCerts=true, locationContextEnabled=true, webStorageEnabled=true, browserName=chrome, takesScreenshot=true, javascriptEnabled=true, cssSelectorsEnabled=true, setWindowRect=true, unexpectedAlertBehaviour=}]
Session ID: bb23b36fdceb3c9ab457a5677544dbd8">
      <![CDATA[org.openqa.selenium.remote.UnreachableBrowserException: Error communicating with the remote browser. It may have died.
Build info: version: '2.53.0', revision: '35ae25b', time: '2016-03-15 16:57:40'
System info: host: 'Baburao-PC', ip: '192.168.1.43', os.name: 'Windows 7', os.arch: 'amd64', os.version: '6.1', java.version: '1.8.0_144'
Driver info: driver.version: RemoteWebDriver
Capabilities [{applicationCacheEnabled=false, rotatable=false, mobileEmulationEnabled=false, networkConnectionEnabled=false, chrome={chromedriverVersion=2.32.498550 (9dec58e66c31bcc53a9ce3c7226f0c1c5810906a), userDataDir=C:\Users\Baburao\AppData\Local\Temp\scoped_dir6204_27137}, takesHeapSnapshot=true, pageLoadStrategy=normal, databaseEnabled=false, handlesAlerts=true, hasTouchScreen=false, version=60.0.3112.113, platform=XP, browserConnectionEnabled=false, nativeEvents=true, acceptSslCerts=true, locationContextEnabled=true, webStorageEnabled=true, browserName=chrome, takesScreenshot=true, javascriptEnabled=true, cssSelectorsEnabled=true, setWindowRect=true, unexpectedAlertBehaviour=}]
Session ID: bb23b36fdceb3c9ab457a5677544dbd8
	at org.openqa.selenium.remote.RemoteWebDriver.execute(RemoteWebDriver.java:665)
	at org.openqa.selenium.remote.RemoteWebDriver.execute(RemoteWebDriver.java:701)
	at org.openqa.selenium.remote.RemoteWebDriver.quit(RemoteWebDriver.java:526)
	at TestNG.Browsers.you(Browsers.java:24)
	at sun.reflect.NativeMethodAccessorImpl.invoke0(Native Method)
	at sun.reflect.NativeMethodAccessorImpl.invoke(NativeMethodAccessorImpl.java:62)
	at sun.reflect.DelegatingMethodAccessorImpl.invoke(DelegatingMethodAccessorImpl.java:43)
	at java.lang.reflect.Method.invoke(Method.java:498)
	at org.testng.internal.MethodInvocationHelper.invokeMethod(MethodInvocationHelper.java:85)
	at org.testng.internal.Invoker.invokeMethod(Invoker.java:639)
	at org.testng.internal.Invoker.invokeTestMethod(Invoker.java:816)
	at org.testng.internal.Invoker.invokeTestMethods(Invoker.java:1124)
	at org.testng.internal.TestMethodWorker.invokeTestMethods(TestMethodWorker.java:125)
	at org.testng.internal.TestMethodWorker.run(TestMethodWorker.java:108)
	at org.testng.TestRunner.privateRun(TestRunner.java:774)
	at org.testng.TestRunner.run(TestRunner.java:624)
	at org.testng.SuiteRunner.runTest(SuiteRunner.java:359)
	at org.testng.SuiteRunner.runSequentially(SuiteRunner.java:354)
	at org.testng.SuiteRunner.privateRun(SuiteRunner.java:312)
	at org.testng.SuiteRunner.run(SuiteRunner.java:261)
	at org.testng.SuiteRunnerWorker.runSuite(SuiteRunnerWorker.java:52)
	at org.testng.SuiteRunnerWorker.run(SuiteRunnerWorker.java:86)
	at org.testng.TestNG.runSuitesSequentially(TestNG.java:1215)
	at org.testng.TestNG.runSuitesLocally(TestNG.java:1140)
	at org.testng.TestNG.run(TestNG.java:1048)
	at org.testng.remote.AbstractRemoteTestNG.run(AbstractRemoteTestNG.java:114)
	at org.testng.remote.RemoteTestNG.initAndRun(RemoteTestNG.java:251)
	at org.testng.remote.RemoteTestNG.main(RemoteTestNG.java:77)
Caused by: java.lang.RuntimeException: Process refused to die after 10 seconds, and couldn't taskkill it: Unable to find executable for: taskkill
	at org.openqa.selenium.os.ProcessUtils.killWinProcess(ProcessUtils.java:142)
	at org.openqa.selenium.os.ProcessUtils.killProcess(ProcessUtils.java:81)
	at org.openqa.selenium.os.UnixProcess$SeleniumWatchDog.destroyHarder(UnixProcess.java:247)
	at org.openqa.selenium.os.UnixProcess$SeleniumWatchDog.access$2(UnixProcess.java:246)
	at org.openqa.selenium.os.UnixProcess.destroy(UnixProcess.java:125)
	at org.openqa.selenium.os.CommandLine.destroy(CommandLine.java:155)
	at org.openqa.selenium.remote.service.DriverService.stop(DriverService.java:196)
	at org.openqa.selenium.remote.service.DriverCommandExecutor.execute(DriverCommandExecutor.java:94)
	at org.openqa.selenium.remote.RemoteWebDriver.execute(RemoteWebDriver.java:644)
	... 27 more
Caused by: java.lang.NullPointerException: Unable to find executable for: taskkill
	at com.google.common.base.Preconditions.checkNotNull(Preconditions.java:251)
	at org.openqa.selenium.os.UnixProcess.<init>(UnixProcess.java:62)
	at org.openqa.selenium.os.CommandLine.<init>(CommandLine.java:38)
	at org.openqa.selenium.os.WindowsUtils.killPID(WindowsUtils.java:178)
	at org.openqa.selenium.os.ProcessUtils.killWinProcess(ProcessUtils.java:138)
	... 35 more
]]>
    </error>
  </testcase> <!-- you -->
</testsuite> <!-- TestNG.Browsers -->
