<?xml version="1.0" encoding="UTF-8"?>
<!-- Generated by org.testng.reporters.JUnitXMLReporter -->
<testsuite hostname="Baburao-PC" name="Firefox" tests="12" failures="2" timestamp="19 Sep 2017 07:22:46 GMT" time="0.142" errors="0">
  <testcase name="test" time="0.031" classname="TestNG.AssertOnGroup">
    <failure type="org.junit.ComparisonFailure" message="expected:&amp;lt;test[]&amp;gt; but was:&amp;lt;test[1]&amp;gt;">
      <![CDATA[org.junit.ComparisonFailure: expected:<test[]> but was:<test[1]>
	at org.junit.Assert.assertEquals(Assert.java:115)
	at org.junit.Assert.assertEquals(Assert.java:144)
	at TestNG.AssertOnGroup.test(AssertOnGroup.java:17)
	at java.util.concurrent.FutureTask.run(FutureTask.java:266)
	at java.util.concurrent.ThreadPoolExecutor.runWorker(ThreadPoolExecutor.java:1149)
	at java.util.concurrent.ThreadPoolExecutor$Worker.run(ThreadPoolExecutor.java:624)
	at java.lang.Thread.run(Thread.java:748)
... Removed 16 stack frames]]>
    </failure>
  </testcase> <!-- test -->
  <testcase name="test1" time="0.015" classname="TestNG.AssertOnGroup"/>
  <testcase name="test4" time="0.0" classname="TestNG.AssertOnGroup"/>
  <testcase name="test" time="0.0" classname="TestNG.Depends"/>
  <testcase name="test1" time="0.0" classname="TestNG.Depends"/>
  <testcase name="test4" time="0.0" classname="TestNG.Depends"/>
  <testcase name="test" time="0.017" classname="TestNG.BewAest">
    <failure type="java.lang.AssertionError" message="expected:&amp;lt;true&amp;gt; but was:&amp;lt;false&amp;gt;">
      <![CDATA[java.lang.AssertionError: expected:<true> but was:<false>
	at org.junit.Assert.fail(Assert.java:88)
	at org.junit.Assert.failNotEquals(Assert.java:834)
	at org.junit.Assert.assertEquals(Assert.java:118)
	at org.junit.Assert.assertEquals(Assert.java:144)
	at TestNG.BewAest.test(BewAest.java:20)
	at java.util.concurrent.FutureTask.run(FutureTask.java:266)
	at java.util.concurrent.ThreadPoolExecutor.runWorker(ThreadPoolExecutor.java:1149)
	at java.util.concurrent.ThreadPoolExecutor$Worker.run(ThreadPoolExecutor.java:624)
	at java.lang.Thread.run(Thread.java:748)
... Removed 16 stack frames]]>
    </failure>
  </testcase> <!-- test -->
  <testcase name="test2" time="0.015" classname="TestNG.BewAest"/>
  <testcase name="giddu" time="0.0" classname="TestNG.Afterclass"/>
  <testcase name="test2" time="0.0" classname="TestNG.AssertOnGroup">
    <skipped/>
  </testcase> <!-- test2 -->
  <testcase name="test2" time="0.0" classname="TestNG.Depends"/>
  <testcase name="test1" time="0.0" classname="TestNG.BewAest">
    <skipped/>
  </testcase> <!-- test1 -->
</testsuite> <!-- Firefox -->
